<?xml version="1.0" encoding="UTF-8"?>
<!-- Generated by org.testng.reporters.JUnitReportReporter -->
<testsuite skipped="0" hostname="XIPLO9265" name="Jenkins.jtest.jetest" tests="2" failures="0" timestamp="30 Mar 2019 17:24:51 GMT" time="8.347" errors="0">
  <testcase name="TC2" time="0.002" classname="Jenkins.jtest.jetest"/>
  <testcase name="TC1" time="8.345" classname="Jenkins.jtest.jetest"/>
</testsuite> <!-- Jenkins.jtest.jetest -->
